
> svelte-fuels@0.0.1 build /Users/calvin/Documents/DO/0172_Props/projects/fuel/octane/packages/svelte-fuels
> vite build && npm run package

[36mvite v5.3.5 [32mbuilding SSR bundle for production...[36m[39m
[2K[1Gtransforming (1) [2m.svelte-kit/generated/server/internal.js[22m[2K[1Gtransforming (9) [2m.svelte-kit/generated/root.svelte[22m[2K[1Gtransforming (32) [2m../../node_modules/.pnpm/@sveltejs+kit@2.5.20_@sveltejs+vite-plugin-svelte@3.1.1_svelte@4.2.18_vite@5.3.5_@types+node@_vqx5afeeal7hawq[2K[1Gtransforming (64) [2m../../node_modules/.pnpm/@sveltejs+kit@2.5.20_@sveltejs+vite-plugin-svelte@3.1.1_svelte@4.2.18_vite@5.3.5_@types+node@_vqx5afeeal7hawq[2K[1Gtransforming (81) [2m../../node_modules/.pnpm/@sveltejs+kit@2.5.20_@sveltejs+vite-plugin-svelte@3.1.1_svelte@4.2.18_vite@5.3.5_@types+node@_vqx5afeeal7hawq[2K[1G[2K[1G[32m✓[39m 90 modules transformed.
[2K[1Grendering chunks (1)...[2K[1Grendering chunks (2)...[2K[1Grendering chunks (3)...[2K[1Grendering chunks (4)...[2K[1Grendering chunks (5)...[2K[1Grendering chunks (6)...[2K[1Grendering chunks (7)...[2K[1Grendering chunks (8)...[2K[1G[36mvite v5.3.5 [32mbuilding for production...[36m[39m
[2K[1Gtransforming (1) [2m.svelte-kit/generated/client-optimized/app.js[22m[2K[1Gtransforming (12) [2m../../node_modules/.pnpm/svelte@4.2.18/node_modules/svelte/src/runtime/internal/index.js[22m[2K[1Gtransforming (34) [2m../../node_modules/.pnpm/svelte@4.2.18/node_modules/svelte/src/runtime/internal/ResizeObserverSingleton.js[22m[2K[1Gtransforming (58) [2m../../node_modules/.pnpm/devalue@5.0.0/node_modules/devalue/src/parse.js[22m[2K[1G[32m✓[39m 61 modules transformed.
[2K[1Grendering chunks (1)...[2K[1Grendering chunks (2)...[2K[1Grendering chunks (3)...[2K[1Grendering chunks (4)...[2K[1Grendering chunks (5)...[2K[1Grendering chunks (6)...[2K[1Grendering chunks (7)...[2K[1Grendering chunks (8)...[2K[1G[2K[1Gcomputing gzip size (0)...[2K[1Gcomputing gzip size (1)...[2K[1Gcomputing gzip size (2)...[2K[1Gcomputing gzip size (3)...[2K[1Gcomputing gzip size (4)...[2K[1Gcomputing gzip size (5)...[2K[1Gcomputing gzip size (6)...[2K[1Gcomputing gzip size (7)...[2K[1Gcomputing gzip size (8)...[2K[1Gcomputing gzip size (9)...[2K[1Gcomputing gzip size (10)...[2K[1G[2m.svelte-kit/output/client/[22m[32m_app/version.json                            [39m[1m[2m 0.03 kB[22m[1m[22m[2m │ gzip:  0.05 kB[22m
[2m.svelte-kit/output/client/[22m[32m.vite/manifest.json                          [39m[1m[2m 2.55 kB[22m[1m[22m[2m │ gzip:  0.53 kB[22m
[2m.svelte-kit/output/client/[22m[36m_app/immutable/entry/start.CxC2yx_B.js       [39m[1m[2m 0.07 kB[22m[1m[22m[2m │ gzip:  0.08 kB[22m
[2m.svelte-kit/output/client/[22m[36m_app/immutable/nodes/2.D5iWL4r1.js           [39m[1m[2m 0.34 kB[22m[1m[22m[2m │ gzip:  0.25 kB[22m
[2m.svelte-kit/output/client/[22m[36m_app/immutable/nodes/0.B9OBB_5Y.js           [39m[1m[2m 0.60 kB[22m[1m[22m[2m │ gzip:  0.38 kB[22m
[2m.svelte-kit/output/client/[22m[36m_app/immutable/nodes/1.B7lLrI-j.js           [39m[1m[2m 1.01 kB[22m[1m[22m[2m │ gzip:  0.59 kB[22m
[2m.svelte-kit/output/client/[22m[36m_app/immutable/chunks/scheduler.BvLojk_z.js  [39m[1m[2m 2.16 kB[22m[1m[22m[2m │ gzip:  1.02 kB[22m
[2m.svelte-kit/output/client/[22m[36m_app/immutable/chunks/index.BQ9seirt.js      [39m[1m[2m 5.38 kB[22m[1m[22m[2m │ gzip:  2.28 kB[22m
[2m.svelte-kit/output/client/[22m[36m_app/immutable/entry/app.BC3BXgDh.js         [39m[1m[2m 6.02 kB[22m[1m[22m[2m │ gzip:  2.44 kB[22m
[2m.svelte-kit/output/client/[22m[36m_app/immutable/chunks/entry.T-WMFafe.js      [39m[1m[2m27.41 kB[22m[1m[22m[2m │ gzip: 10.83 kB[22m
[32m✓ built in 1.12s[39m
[2K[1G[2m.svelte-kit/output/server/[22m[32m.vite/manifest.json                 [39m[1m[2m  2.51 kB[22m[1m[22m
[2m.svelte-kit/output/server/[22m[36mentries/pages/_page.svelte.js       [39m[1m[2m  0.20 kB[22m[1m[22m
[2m.svelte-kit/output/server/[22m[36mentries/fallbacks/layout.svelte.js  [39m[1m[2m  0.24 kB[22m[1m[22m
[2m.svelte-kit/output/server/[22m[36minternal.js                         [39m[1m[2m  0.31 kB[22m[1m[22m
[2m.svelte-kit/output/server/[22m[36mentries/fallbacks/error.svelte.js   [39m[1m[2m  1.16 kB[22m[1m[22m
[2m.svelte-kit/output/server/[22m[36mchunks/ssr.js                       [39m[1m[2m  3.34 kB[22m[1m[22m
[2m.svelte-kit/output/server/[22m[36mchunks/exports.js                   [39m[1m[2m  5.94 kB[22m[1m[22m
[2m.svelte-kit/output/server/[22m[36mchunks/internal.js                  [39m[1m[2m  5.97 kB[22m[1m[22m
[2m.svelte-kit/output/server/[22m[36mindex.js                            [39m[1m[2m115.14 kB[22m[1m[22m
[32m✓ built in 5.27s[39m

Run [1m[36mnpm run preview[22m[39m to preview your production build locally.
[1m[36m
> Using @sveltejs/adapter-auto[22m[39m
  [1m[33mCould not detect a supported production environment. See https://kit.svelte.dev/docs/adapters to learn how to configure your app to run on the platform of your choosing[22m[39m
  [32m✔ done[39m

> svelte-fuels@0.0.1 package
> svelte-kit sync && svelte-package && publint

[1m[32msrc/lib -> dist[22m[39m
[1msvelte-fuels[22m lint results:
[1m[32mAll good![39m[22m
